<?xml version="1.0" encoding="UTF-8"?>
<testng-results ignored="1" total="2" passed="1" failed="0" skipped="0">
  <reporter-output>
  </reporter-output>
  <suite started-at="2022-04-21T11:47:54 IST" name="Default suite" finished-at="2022-04-21T11:48:05 IST" duration-ms="11431">
    <groups>
    </groups>
    <test started-at="2022-04-21T11:47:54 IST" name="Default test" finished-at="2022-04-21T11:48:05 IST" duration-ms="11431">
      <class name="Testng.Testng.Windowhandle">
        <test-method is-config="true" signature="chromeLaunch()[pri:0, instance:Testng.Testng.Windowhandle@35aea049]" started-at="2022-04-21T11:47:54 IST" name="chromeLaunch" finished-at="2022-04-21T11:47:58 IST" duration-ms="4308" status="PASS">
          <reporter-output>
          </reporter-output>
        </test-method> <!-- chromeLaunch -->
        <test-method signature="windowhandles()[pri:2, instance:Testng.Testng.Windowhandle@35aea049]" started-at="2022-04-21T11:47:58 IST" name="windowhandles" finished-at="2022-04-21T11:48:05 IST" duration-ms="6615" status="PASS">
          <reporter-output>
          </reporter-output>
        </test-method> <!-- windowhandles -->
        <test-method is-config="true" signature="close()[pri:0, instance:Testng.Testng.Windowhandle@35aea049]" started-at="2022-04-21T11:48:05 IST" name="close" finished-at="2022-04-21T11:48:05 IST" duration-ms="465" status="PASS">
          <reporter-output>
          </reporter-output>
        </test-method> <!-- close -->
      </class> <!-- Testng.Testng.Windowhandle -->
    </test> <!-- Default test -->
  </suite> <!-- Default suite -->
</testng-results>
