<?xml version="1.0" encoding="UTF-8"?>
<!-- Generated by org.testng.reporters.JUnitXMLReporter -->
<testsuite ignored="1" hostname="LAPTOP-DFDTRN2Q" failures="0" tests="1" name="Default test" time="11.431" errors="0" timestamp="2022-04-21T11:48:05 IST">
  <testcase classname="Testng.Testng.Windowhandle" name="windowhandles" time="6.615"/>
  <testcase classname="Testng.Testng.Windowhandle" name="manageWindow" time="0.0">
    <ignored/>
  </testcase> <!-- manageWindow -->
</testsuite> <!-- Default test -->
